0 info it worked if it ends with ok
1 verbose cli [ 'C:\\Users\\5870\\Desktop\\Programi\\IPRI\\\\node.exe',
1 verbose cli   'C:\\Users\\5870\\Desktop\\Programi\\IPRI\\node_modules\\npm\\bin\\npm-cli.js',
1 verbose cli   'start' ]
2 info using npm@1.4.6
3 info using node@v0.10.26
4 verbose node symlink C:\Users\5870\Desktop\Programi\IPRI\\node.exe
5 verbose run-script [ 'prestart', 'start', 'poststart' ]
6 info prestart angular-seed@0.0.0
7 info start angular-seed@0.0.0
8 verbose unsafe-perm in lifecycle true
9 info angular-seed@0.0.0 Failed to exec start script
10 error angular-seed@0.0.0 start: `http-server -p 8000`
10 error Exit status 1
11 error Failed at the angular-seed@0.0.0 start script.
11 error This is most likely a problem with the angular-seed package,
11 error not with npm itself.
11 error Tell the author that this fails on your system:
11 error     http-server -p 8000
11 error You can get their info via:
11 error     npm owner ls angular-seed
11 error There is likely additional logging output above.
12 error System Windows_NT 6.1.7601
13 error command "C:\\Users\\5870\\Desktop\\Programi\\IPRI\\\\node.exe" "C:\\Users\\5870\\Desktop\\Programi\\IPRI\\node_modules\\npm\\bin\\npm-cli.js" "start"
14 error cwd C:\Users\5870\Desktop\Programi\IPRI\projekt
15 error node -v v0.10.26
16 error npm -v 1.4.6
17 error code ELIFECYCLE
18 verbose exit [ 1, true ]
